  material.cpp
fltk.lib(case.obj) : warning LNK4099: 'vc140.pdb' PDB를 'fltk.lib(case.obj)' 또는 'F:\HKUST\4\Spring\COMP4411\Projects\project3\RaySkelS20\Release\vc140.pdb'에서 찾을 수 없습니다. 디버그 정보가 없는 것처럼 개체를 링크합니다.
fltk.lib(filename_absolute.obj) : warning LNK4099: 'vc140.pdb' PDB를 'fltk.lib(filename_absolute.obj)' 또는 'F:\HKUST\4\Spring\COMP4411\Projects\project3\RaySkelS20\Release\vc140.pdb'에서 찾을 수 없습니다. 디버그 정보가 없는 것처럼 개체를 링크합니다.
fltk.lib(filename_expand.obj) : warning LNK4099: 'vc140.pdb' PDB를 'fltk.lib(filename_expand.obj)' 또는 'F:\HKUST\4\Spring\COMP4411\Projects\project3\RaySkelS20\Release\vc140.pdb'에서 찾을 수 없습니다. 디버그 정보가 없는 것처럼 개체를 링크합니다.
fltk.lib(filename_isdir.obj) : warning LNK4099: 'vc140.pdb' PDB를 'fltk.lib(filename_isdir.obj)' 또는 'F:\HKUST\4\Spring\COMP4411\Projects\project3\RaySkelS20\Release\vc140.pdb'에서 찾을 수 없습니다. 디버그 정보가 없는 것처럼 개체를 링크합니다.
fltk.lib(filename_list.obj) : warning LNK4099: 'vc140.pdb' PDB를 'fltk.lib(filename_list.obj)' 또는 'F:\HKUST\4\Spring\COMP4411\Projects\project3\RaySkelS20\Release\vc140.pdb'에서 찾을 수 없습니다. 디버그 정보가 없는 것처럼 개체를 링크합니다.
fltk.lib(filename_match.obj) : warning LNK4099: 'vc140.pdb' PDB를 'fltk.lib(filename_match.obj)' 또는 'F:\HKUST\4\Spring\COMP4411\Projects\project3\RaySkelS20\Release\vc140.pdb'에서 찾을 수 없습니다. 디버그 정보가 없는 것처럼 개체를 링크합니다.
fltk.lib(Fl.obj) : warning LNK4099: 'vc140.pdb' PDB를 'fltk.lib(Fl.obj)' 또는 'F:\HKUST\4\Spring\COMP4411\Projects\project3\RaySkelS20\Release\vc140.pdb'에서 찾을 수 없습니다. 디버그 정보가 없는 것처럼 개체를 링크합니다.
fltk.lib(Fl_abort.obj) : warning LNK4099: 'vc140.pdb' PDB를 'fltk.lib(Fl_abort.obj)' 또는 'F:\HKUST\4\Spring\COMP4411\Projects\project3\RaySkelS20\Release\vc140.pdb'에서 찾을 수 없습니다. 디버그 정보가 없는 것처럼 개체를 링크합니다.
fltk.lib(fl_arc.obj) : warning LNK4099: 'vc140.pdb' PDB를 'fltk.lib(fl_arc.obj)' 또는 'F:\HKUST\4\Spring\COMP4411\Projects\project3\RaySkelS20\Release\vc140.pdb'에서 찾을 수 없습니다. 디버그 정보가 없는 것처럼 개체를 링크합니다.
fltk.lib(fl_arci.obj) : warning LNK4099: 'vc140.pdb' PDB를 'fltk.lib(fl_arci.obj)' 또는 'F:\HKUST\4\Spring\COMP4411\Projects\project3\RaySkelS20\Release\vc140.pdb'에서 찾을 수 없습니다. 디버그 정보가 없는 것처럼 개체를 링크합니다.
fltk.lib(fl_ask.obj) : warning LNK4099: '' PDB를 'fltk.lib(fl_ask.obj)' 또는 ''에서 찾을 수 없습니다. 디버그 정보가 없는 것처럼 개체를 링크합니다.
fltk.lib(Fl_Bitmap.obj) : warning LNK4099: 'vc140.pdb' PDB를 'fltk.lib(Fl_Bitmap.obj)' 또는 'F:\HKUST\4\Spring\COMP4411\Projects\project3\RaySkelS20\Release\vc140.pdb'에서 찾을 수 없습니다. 디버그 정보가 없는 것처럼 개체를 링크합니다.
fltk.lib(Fl_Box.obj) : warning LNK4099: 'vc140.pdb' PDB를 'fltk.lib(Fl_Box.obj)' 또는 'F:\HKUST\4\Spring\COMP4411\Projects\project3\RaySkelS20\Release\vc140.pdb'에서 찾을 수 없습니다. 디버그 정보가 없는 것처럼 개체를 링크합니다.
fltk.lib(fl_boxtype.obj) : warning LNK4099: 'vc140.pdb' PDB를 'fltk.lib(fl_boxtype.obj)' 또는 'F:\HKUST\4\Spring\COMP4411\Projects\project3\RaySkelS20\Release\vc140.pdb'에서 찾을 수 없습니다. 디버그 정보가 없는 것처럼 개체를 링크합니다.
fltk.lib(Fl_Browser.obj) : warning LNK4099: 'vc140.pdb' PDB를 'fltk.lib(Fl_Browser.obj)' 또는 'F:\HKUST\4\Spring\COMP4411\Projects\project3\RaySkelS20\Release\vc140.pdb'에서 찾을 수 없습니다. 디버그 정보가 없는 것처럼 개체를 링크합니다.
fltk.lib(Fl_Browser_.obj) : warning LNK4099: 'vc140.pdb' PDB를 'fltk.lib(Fl_Browser_.obj)' 또는 'F:\HKUST\4\Spring\COMP4411\Projects\project3\RaySkelS20\Release\vc140.pdb'에서 찾을 수 없습니다. 디버그 정보가 없는 것처럼 개체를 링크합니다.
fltk.lib(Fl_Button.obj) : warning LNK4099: 'vc140.pdb' PDB를 'fltk.lib(Fl_Button.obj)' 또는 'F:\HKUST\4\Spring\COMP4411\Projects\project3\RaySkelS20\Release\vc140.pdb'에서 찾을 수 없습니다. 디버그 정보가 없는 것처럼 개체를 링크합니다.
fltk.lib(fl_call_main.obj) : warning LNK4099: 'vc140.pdb' PDB를 'fltk.lib(fl_call_main.obj)' 또는 'F:\HKUST\4\Spring\COMP4411\Projects\project3\RaySkelS20\Release\vc140.pdb'에서 찾을 수 없습니다. 디버그 정보가 없는 것처럼 개체를 링크합니다.
fltk.lib(Fl_Check_Button.obj) : warning LNK4099: 'vc140.pdb' PDB를 'fltk.lib(Fl_Check_Button.obj)' 또는 'F:\HKUST\4\Spring\COMP4411\Projects\project3\RaySkelS20\Release\vc140.pdb'에서 찾을 수 없습니다. 디버그 정보가 없는 것처럼 개체를 링크합니다.
fltk.lib(Fl_Choice.obj) : warning LNK4099: 'vc140.pdb' PDB를 'fltk.lib(Fl_Choice.obj)' 또는 'F:\HKUST\4\Spring\COMP4411\Projects\project3\RaySkelS20\Release\vc140.pdb'에서 찾을 수 없습니다. 디버그 정보가 없는 것처럼 개체를 링크합니다.
fltk.lib(fl_color.obj) : warning LNK4099: 'vc140.pdb' PDB를 'fltk.lib(fl_color.obj)' 또는 'F:\HKUST\4\Spring\COMP4411\Projects\project3\RaySkelS20\Release\vc140.pdb'에서 찾을 수 없습니다. 디버그 정보가 없는 것처럼 개체를 링크합니다.
fltk.lib(Fl_compose.obj) : warning LNK4099: 'vc140.pdb' PDB를 'fltk.lib(Fl_compose.obj)' 또는 'F:\HKUST\4\Spring\COMP4411\Projects\project3\RaySkelS20\Release\vc140.pdb'에서 찾을 수 없습니다. 디버그 정보가 없는 것처럼 개체를 링크합니다.
fltk.lib(fl_cursor.obj) : warning LNK4099: 'vc140.pdb' PDB를 'fltk.lib(fl_cursor.obj)' 또는 'F:\HKUST\4\Spring\COMP4411\Projects\project3\RaySkelS20\Release\vc140.pdb'에서 찾을 수 없습니다. 디버그 정보가 없는 것처럼 개체를 링크합니다.
fltk.lib(fl_curve.obj) : warning LNK4099: 'vc140.pdb' PDB를 'fltk.lib(fl_curve.obj)' 또는 'F:\HKUST\4\Spring\COMP4411\Projects\project3\RaySkelS20\Release\vc140.pdb'에서 찾을 수 없습니다. 디버그 정보가 없는 것처럼 개체를 링크합니다.
fltk.lib(Fl_Device.obj) : warning LNK4099: 'vc140.pdb' PDB를 'fltk.lib(Fl_Device.obj)' 또는 'F:\HKUST\4\Spring\COMP4411\Projects\project3\RaySkelS20\Release\vc140.pdb'에서 찾을 수 없습니다. 디버그 정보가 없는 것처럼 개체를 링크합니다.
fltk.lib(fl_dnd.obj) : warning LNK4099: 'vc140.pdb' PDB를 'fltk.lib(fl_dnd.obj)' 또는 'F:\HKUST\4\Spring\COMP4411\Projects\project3\RaySkelS20\Release\vc140.pdb'에서 찾을 수 없습니다. 디버그 정보가 없는 것처럼 개체를 링크합니다.
fltk.lib(Fl_Double_Window.obj) : warning LNK4099: 'vc140.pdb' PDB를 'fltk.lib(Fl_Double_Window.obj)' 또는 'F:\HKUST\4\Spring\COMP4411\Projects\project3\RaySkelS20\Release\vc140.pdb'에서 찾을 수 없습니다. 디버그 정보가 없는 것처럼 개체를 링크합니다.
fltk.lib(fl_draw.obj) : warning LNK4099: 'vc140.pdb' PDB를 'fltk.lib(fl_draw.obj)' 또는 'F:\HKUST\4\Spring\COMP4411\Projects\project3\RaySkelS20\Release\vc140.pdb'에서 찾을 수 없습니다. 디버그 정보가 없는 것처럼 개체를 링크합니다.
fltk.lib(fl_draw_image.obj) : warning LNK4099: 'vc140.pdb' PDB를 'fltk.lib(fl_draw_image.obj)' 또는 'F:\HKUST\4\Spring\COMP4411\Projects\project3\RaySkelS20\Release\vc140.pdb'에서 찾을 수 없습니다. 디버그 정보가 없는 것처럼 개체를 링크합니다.
fltk.lib(fl_draw_pixmap.obj) : warning LNK4099: 'vc140.pdb' PDB를 'fltk.lib(fl_draw_pixmap.obj)' 또는 'F:\HKUST\4\Spring\COMP4411\Projects\project3\RaySkelS20\Release\vc140.pdb'에서 찾을 수 없습니다. 디버그 정보가 없는 것처럼 개체를 링크합니다.
fltk.lib(Fl_File_Browser.obj) : warning LNK4099: 'vc140.pdb' PDB를 'fltk.lib(Fl_File_Browser.obj)' 또는 'F:\HKUST\4\Spring\COMP4411\Projects\project3\RaySkelS20\Release\vc140.pdb'에서 찾을 수 없습니다. 디버그 정보가 없는 것처럼 개체를 링크합니다.
fltk.lib(Fl_File_Chooser.obj) : warning LNK4099: 'vc140.pdb' PDB를 'fltk.lib(Fl_File_Chooser.obj)' 또는 'F:\HKUST\4\Spring\COMP4411\Projects\project3\RaySkelS20\Release\vc140.pdb'에서 찾을 수 없습니다. 디버그 정보가 없는 것처럼 개체를 링크합니다.
fltk.lib(Fl_File_Chooser2.obj) : warning LNK4099: 'vc140.pdb' PDB를 'fltk.lib(Fl_File_Chooser2.obj)' 또는 'F:\HKUST\4\Spring\COMP4411\Projects\project3\RaySkelS20\Release\vc140.pdb'에서 찾을 수 없습니다. 디버그 정보가 없는 것처럼 개체를 링크합니다.
fltk.lib(fl_file_dir.obj) : warning LNK4099: 'vc140.pdb' PDB를 'fltk.lib(fl_file_dir.obj)' 또는 'F:\HKUST\4\Spring\COMP4411\Projects\project3\RaySkelS20\Release\vc140.pdb'에서 찾을 수 없습니다. 디버그 정보가 없는 것처럼 개체를 링크합니다.
fltk.lib(Fl_File_Icon.obj) : warning LNK4099: 'vc140.pdb' PDB를 'fltk.lib(Fl_File_Icon.obj)' 또는 'F:\HKUST\4\Spring\COMP4411\Projects\project3\RaySkelS20\Release\vc140.pdb'에서 찾을 수 없습니다. 디버그 정보가 없는 것처럼 개체를 링크합니다.
fltk.lib(Fl_File_Input.obj) : warning LNK4099: 'vc140.pdb' PDB를 'fltk.lib(Fl_File_Input.obj)' 또는 'F:\HKUST\4\Spring\COMP4411\Projects\project3\RaySkelS20\Release\vc140.pdb'에서 찾을 수 없습니다. 디버그 정보가 없는 것처럼 개체를 링크합니다.
fltk.lib(fl_font.obj) : warning LNK4099: 'vc140.pdb' PDB를 'fltk.lib(fl_font.obj)' 또는 'F:\HKUST\4\Spring\COMP4411\Projects\project3\RaySkelS20\Release\vc140.pdb'에서 찾을 수 없습니다. 디버그 정보가 없는 것처럼 개체를 링크합니다.
fltk.lib(Fl_get_system_colors.obj) : warning LNK4099: 'vc140.pdb' PDB를 'fltk.lib(Fl_get_system_colors.obj)' 또는 'F:\HKUST\4\Spring\COMP4411\Projects\project3\RaySkelS20\Release\vc140.pdb'에서 찾을 수 없습니다. 디버그 정보가 없는 것처럼 개체를 링크합니다.
fltk.lib(Fl_grab.obj) : warning LNK4099: 'vc140.pdb' PDB를 'fltk.lib(Fl_grab.obj)' 또는 'F:\HKUST\4\Spring\COMP4411\Projects\project3\RaySkelS20\Release\vc140.pdb'에서 찾을 수 없습니다. 디버그 정보가 없는 것처럼 개체를 링크합니다.
fltk.lib(Fl_Group.obj) : warning LNK4099: 'vc140.pdb' PDB를 'fltk.lib(Fl_Group.obj)' 또는 'F:\HKUST\4\Spring\COMP4411\Projects\project3\RaySkelS20\Release\vc140.pdb'에서 찾을 수 없습니다. 디버그 정보가 없는 것처럼 개체를 링크합니다.
fltk.lib(fl_gtk.obj) : warning LNK4099: 'vc140.pdb' PDB를 'fltk.lib(fl_gtk.obj)' 또는 'F:\HKUST\4\Spring\COMP4411\Projects\project3\RaySkelS20\Release\vc140.pdb'에서 찾을 수 없습니다. 디버그 정보가 없는 것처럼 개체를 링크합니다.
fltk.lib(fl_gleam.obj) : warning LNK4099: 'vc140.pdb' PDB를 'fltk.lib(fl_gleam.obj)' 또는 'F:\HKUST\4\Spring\COMP4411\Projects\project3\RaySkelS20\Release\vc140.pdb'에서 찾을 수 없습니다. 디버그 정보가 없는 것처럼 개체를 링크합니다.
fltk.lib(Fl_Image.obj) : warning LNK4099: '' PDB를 'fltk.lib(Fl_Image.obj)' 또는 ''에서 찾을 수 없습니다. 디버그 정보가 없는 것처럼 개체를 링크합니다.
fltk.lib(Fl_Input.obj) : warning LNK4099: 'vc140.pdb' PDB를 'fltk.lib(Fl_Input.obj)' 또는 'F:\HKUST\4\Spring\COMP4411\Projects\project3\RaySkelS20\Release\vc140.pdb'에서 찾을 수 없습니다. 디버그 정보가 없는 것처럼 개체를 링크합니다.
fltk.lib(Fl_Input_.obj) : warning LNK4099: '' PDB를 'fltk.lib(Fl_Input_.obj)' 또는 ''에서 찾을 수 없습니다. 디버그 정보가 없는 것처럼 개체를 링크합니다.
fltk.lib(fl_labeltype.obj) : warning LNK4099: '' PDB를 'fltk.lib(fl_labeltype.obj)' 또는 ''에서 찾을 수 없습니다. 디버그 정보가 없는 것처럼 개체를 링크합니다.
fltk.lib(Fl_Light_Button.obj) : warning LNK4099: 'vc140.pdb' PDB를 'fltk.lib(Fl_Light_Button.obj)' 또는 'F:\HKUST\4\Spring\COMP4411\Projects\project3\RaySkelS20\Release\vc140.pdb'에서 찾을 수 없습니다. 디버그 정보가 없는 것처럼 개체를 링크합니다.
fltk.lib(fl_line_style.obj) : warning LNK4099: 'vc140.pdb' PDB를 'fltk.lib(fl_line_style.obj)' 또는 'F:\HKUST\4\Spring\COMP4411\Projects\project3\RaySkelS20\Release\vc140.pdb'에서 찾을 수 없습니다. 디버그 정보가 없는 것처럼 개체를 링크합니다.
fltk.lib(Fl_lock.obj) : warning LNK4099: 'vc140.pdb' PDB를 'fltk.lib(Fl_lock.obj)' 또는 'F:\HKUST\4\Spring\COMP4411\Projects\project3\RaySkelS20\Release\vc140.pdb'에서 찾을 수 없습니다. 디버그 정보가 없는 것처럼 개체를 링크합니다.
fltk.lib(Fl_Menu.obj) : warning LNK4099: 'vc140.pdb' PDB를 'fltk.lib(Fl_Menu.obj)' 또는 'F:\HKUST\4\Spring\COMP4411\Projects\project3\RaySkelS20\Release\vc140.pdb'에서 찾을 수 없습니다. 디버그 정보가 없는 것처럼 개체를 링크합니다.
fltk.lib(Fl_Menu_.obj) : warning LNK4099: '' PDB를 'fltk.lib(Fl_Menu_.obj)' 또는 ''에서 찾을 수 없습니다. 디버그 정보가 없는 것처럼 개체를 링크합니다.
fltk.lib(Fl_Menu_add.obj) : warning LNK4099: 'vc140.pdb' PDB를 'fltk.lib(Fl_Menu_add.obj)' 또는 'F:\HKUST\4\Spring\COMP4411\Projects\project3\RaySkelS20\Release\vc140.pdb'에서 찾을 수 없습니다. 디버그 정보가 없는 것처럼 개체를 링크합니다.
fltk.lib(Fl_Menu_Bar.obj) : warning LNK4099: 'vc140.pdb' PDB를 'fltk.lib(Fl_Menu_Bar.obj)' 또는 'F:\HKUST\4\Spring\COMP4411\Projects\project3\RaySkelS20\Release\vc140.pdb'에서 찾을 수 없습니다. 디버그 정보가 없는 것처럼 개체를 링크합니다.
fltk.lib(Fl_Menu_Button.obj) : warning LNK4099: '' PDB를 'fltk.lib(Fl_Menu_Button.obj)' 또는 ''에서 찾을 수 없습니다. 디버그 정보가 없는 것처럼 개체를 링크합니다.
fltk.lib(Fl_Menu_Window.obj) : warning LNK4099: 'vc140.pdb' PDB를 'fltk.lib(Fl_Menu_Window.obj)' 또는 'F:\HKUST\4\Spring\COMP4411\Projects\project3\RaySkelS20\Release\vc140.pdb'에서 찾을 수 없습니다. 디버그 정보가 없는 것처럼 개체를 링크합니다.
fltk.lib(Fl_Overlay_Window.obj) : warning LNK4099: 'vc140.pdb' PDB를 'fltk.lib(Fl_Overlay_Window.obj)' 또는 'F:\HKUST\4\Spring\COMP4411\Projects\project3\RaySkelS20\Release\vc140.pdb'에서 찾을 수 없습니다. 디버그 정보가 없는 것처럼 개체를 링크합니다.
fltk.lib(Fl_Pixmap.obj) : warning LNK4099: 'vc140.pdb' PDB를 'fltk.lib(Fl_Pixmap.obj)' 또는 'F:\HKUST\4\Spring\COMP4411\Projects\project3\RaySkelS20\Release\vc140.pdb'에서 찾을 수 없습니다. 디버그 정보가 없는 것처럼 개체를 링크합니다.
fltk.lib(fl_plastic.obj) : warning LNK4099: 'vc140.pdb' PDB를 'fltk.lib(fl_plastic.obj)' 또는 'F:\HKUST\4\Spring\COMP4411\Projects\project3\RaySkelS20\Release\vc140.pdb'에서 찾을 수 없습니다. 디버그 정보가 없는 것처럼 개체를 링크합니다.
fltk.lib(Fl_Preferences.obj) : warning LNK4099: 'vc140.pdb' PDB를 'fltk.lib(Fl_Preferences.obj)' 또는 'F:\HKUST\4\Spring\COMP4411\Projects\project3\RaySkelS20\Release\vc140.pdb'에서 찾을 수 없습니다. 디버그 정보가 없는 것처럼 개체를 링크합니다.
fltk.lib(fl_read_image.obj) : warning LNK4099: 'vc140.pdb' PDB를 'fltk.lib(fl_read_image.obj)' 또는 'F:\HKUST\4\Spring\COMP4411\Projects\project3\RaySkelS20\Release\vc140.pdb'에서 찾을 수 없습니다. 디버그 정보가 없는 것처럼 개체를 링크합니다.
fltk.lib(fl_rect.obj) : warning LNK4099: 'vc140.pdb' PDB를 'fltk.lib(fl_rect.obj)' 또는 'F:\HKUST\4\Spring\COMP4411\Projects\project3\RaySkelS20\Release\vc140.pdb'에서 찾을 수 없습니다. 디버그 정보가 없는 것처럼 개체를 링크합니다.
fltk.lib(Fl_Repeat_Button.obj) : warning LNK4099: 'vc140.pdb' PDB를 'fltk.lib(Fl_Repeat_Button.obj)' 또는 'F:\HKUST\4\Spring\COMP4411\Projects\project3\RaySkelS20\Release\vc140.pdb'에서 찾을 수 없습니다. 디버그 정보가 없는 것처럼 개체를 링크합니다.
fltk.lib(Fl_Return_Button.obj) : warning LNK4099: 'vc140.pdb' PDB를 'fltk.lib(Fl_Return_Button.obj)' 또는 'F:\HKUST\4\Spring\COMP4411\Projects\project3\RaySkelS20\Release\vc140.pdb'에서 찾을 수 없습니다. 디버그 정보가 없는 것처럼 개체를 링크합니다.
fltk.lib(fl_round_box.obj) : warning LNK4099: 'vc140.pdb' PDB를 'fltk.lib(fl_round_box.obj)' 또는 'F:\HKUST\4\Spring\COMP4411\Projects\project3\RaySkelS20\Release\vc140.pdb'에서 찾을 수 없습니다. 디버그 정보가 없는 것처럼 개체를 링크합니다.
fltk.lib(Fl_Scrollbar.obj) : warning LNK4099: 'vc140.pdb' PDB를 'fltk.lib(Fl_Scrollbar.obj)' 또는 'F:\HKUST\4\Spring\COMP4411\Projects\project3\RaySkelS20\Release\vc140.pdb'에서 찾을 수 없습니다. 디버그 정보가 없는 것처럼 개체를 링크합니다.
fltk.lib(Fl_Shared_Image.obj) : warning LNK4099: 'vc140.pdb' PDB를 'fltk.lib(Fl_Shared_Image.obj)' 또는 'F:\HKUST\4\Spring\COMP4411\Projects\project3\RaySkelS20\Release\vc140.pdb'에서 찾을 수 없습니다. 디버그 정보가 없는 것처럼 개체를 링크합니다.
fltk.lib(fl_shortcut.obj) : warning LNK4099: 'vc140.pdb' PDB를 'fltk.lib(fl_shortcut.obj)' 또는 'F:\HKUST\4\Spring\COMP4411\Projects\project3\RaySkelS20\Release\vc140.pdb'에서 찾을 수 없습니다. 디버그 정보가 없는 것처럼 개체를 링크합니다.
fltk.lib(Fl_Single_Window.obj) : warning LNK4099: 'vc140.pdb' PDB를 'fltk.lib(Fl_Single_Window.obj)' 또는 'F:\HKUST\4\Spring\COMP4411\Projects\project3\RaySkelS20\Release\vc140.pdb'에서 찾을 수 없습니다. 디버그 정보가 없는 것처럼 개체를 링크합니다.
fltk.lib(Fl_Slider.obj) : warning LNK4099: 'vc140.pdb' PDB를 'fltk.lib(Fl_Slider.obj)' 또는 'F:\HKUST\4\Spring\COMP4411\Projects\project3\RaySkelS20\Release\vc140.pdb'에서 찾을 수 없습니다. 디버그 정보가 없는 것처럼 개체를 링크합니다.
fltk.lib(fl_symbols.obj) : warning LNK4099: 'vc140.pdb' PDB를 'fltk.lib(fl_symbols.obj)' 또는 'F:\HKUST\4\Spring\COMP4411\Projects\project3\RaySkelS20\Release\vc140.pdb'에서 찾을 수 없습니다. 디버그 정보가 없는 것처럼 개체를 링크합니다.
fltk.lib(Fl_Tile.obj) : warning LNK4099: 'vc140.pdb' PDB를 'fltk.lib(Fl_Tile.obj)' 또는 'F:\HKUST\4\Spring\COMP4411\Projects\project3\RaySkelS20\Release\vc140.pdb'에서 찾을 수 없습니다. 디버그 정보가 없는 것처럼 개체를 링크합니다.
fltk.lib(Fl_Tiled_Image.obj) : warning LNK4099: 'vc140.pdb' PDB를 'fltk.lib(Fl_Tiled_Image.obj)' 또는 'F:\HKUST\4\Spring\COMP4411\Projects\project3\RaySkelS20\Release\vc140.pdb'에서 찾을 수 없습니다. 디버그 정보가 없는 것처럼 개체를 링크합니다.
fltk.lib(Fl_Tooltip.obj) : warning LNK4099: 'vc140.pdb' PDB를 'fltk.lib(Fl_Tooltip.obj)' 또는 'F:\HKUST\4\Spring\COMP4411\Projects\project3\RaySkelS20\Release\vc140.pdb'에서 찾을 수 없습니다. 디버그 정보가 없는 것처럼 개체를 링크합니다.
fltk.lib(fl_utf.obj) : warning LNK4099: 'vc140.pdb' PDB를 'fltk.lib(fl_utf.obj)' 또는 'F:\HKUST\4\Spring\COMP4411\Projects\project3\RaySkelS20\Release\vc140.pdb'에서 찾을 수 없습니다. 디버그 정보가 없는 것처럼 개체를 링크합니다.
fltk.lib(fl_utf8.obj) : warning LNK4099: '' PDB를 'fltk.lib(fl_utf8.obj)' 또는 ''에서 찾을 수 없습니다. 디버그 정보가 없는 것처럼 개체를 링크합니다.
fltk.lib(Fl_Valuator.obj) : warning LNK4099: 'vc140.pdb' PDB를 'fltk.lib(Fl_Valuator.obj)' 또는 'F:\HKUST\4\Spring\COMP4411\Projects\project3\RaySkelS20\Release\vc140.pdb'에서 찾을 수 없습니다. 디버그 정보가 없는 것처럼 개체를 링크합니다.
fltk.lib(Fl_Value_Slider.obj) : warning LNK4099: 'vc140.pdb' PDB를 'fltk.lib(Fl_Value_Slider.obj)' 또는 'F:\HKUST\4\Spring\COMP4411\Projects\project3\RaySkelS20\Release\vc140.pdb'에서 찾을 수 없습니다. 디버그 정보가 없는 것처럼 개체를 링크합니다.
fltk.lib(fl_vertex.obj) : warning LNK4099: 'vc140.pdb' PDB를 'fltk.lib(fl_vertex.obj)' 또는 'F:\HKUST\4\Spring\COMP4411\Projects\project3\RaySkelS20\Release\vc140.pdb'에서 찾을 수 없습니다. 디버그 정보가 없는 것처럼 개체를 링크합니다.
fltk.lib(Fl_visual.obj) : warning LNK4099: 'vc140.pdb' PDB를 'fltk.lib(Fl_visual.obj)' 또는 'F:\HKUST\4\Spring\COMP4411\Projects\project3\RaySkelS20\Release\vc140.pdb'에서 찾을 수 없습니다. 디버그 정보가 없는 것처럼 개체를 링크합니다.
fltk.lib(Fl_Widget.obj) : warning LNK4099: 'vc140.pdb' PDB를 'fltk.lib(Fl_Widget.obj)' 또는 'F:\HKUST\4\Spring\COMP4411\Projects\project3\RaySkelS20\Release\vc140.pdb'에서 찾을 수 없습니다. 디버그 정보가 없는 것처럼 개체를 링크합니다.
fltk.lib(Fl_Window.obj) : warning LNK4099: 'vc140.pdb' PDB를 'fltk.lib(Fl_Window.obj)' 또는 'F:\HKUST\4\Spring\COMP4411\Projects\project3\RaySkelS20\Release\vc140.pdb'에서 찾을 수 없습니다. 디버그 정보가 없는 것처럼 개체를 링크합니다.
fltk.lib(Fl_Window_fullscreen.obj) : warning LNK4099: 'vc140.pdb' PDB를 'fltk.lib(Fl_Window_fullscreen.obj)' 또는 'F:\HKUST\4\Spring\COMP4411\Projects\project3\RaySkelS20\Release\vc140.pdb'에서 찾을 수 없습니다. 디버그 정보가 없는 것처럼 개체를 링크합니다.
fltk.lib(Fl_Window_hotspot.obj) : warning LNK4099: 'vc140.pdb' PDB를 'fltk.lib(Fl_Window_hotspot.obj)' 또는 'F:\HKUST\4\Spring\COMP4411\Projects\project3\RaySkelS20\Release\vc140.pdb'에서 찾을 수 없습니다. 디버그 정보가 없는 것처럼 개체를 링크합니다.
fltk.lib(Fl_Window_shape.obj) : warning LNK4099: 'vc140.pdb' PDB를 'fltk.lib(Fl_Window_shape.obj)' 또는 'F:\HKUST\4\Spring\COMP4411\Projects\project3\RaySkelS20\Release\vc140.pdb'에서 찾을 수 없습니다. 디버그 정보가 없는 것처럼 개체를 링크합니다.
fltk.lib(Fl_XBM_Image.obj) : warning LNK4099: 'vc140.pdb' PDB를 'fltk.lib(Fl_XBM_Image.obj)' 또는 'F:\HKUST\4\Spring\COMP4411\Projects\project3\RaySkelS20\Release\vc140.pdb'에서 찾을 수 없습니다. 디버그 정보가 없는 것처럼 개체를 링크합니다.
fltk.lib(Fl_XPM_Image.obj) : warning LNK4099: 'vc140.pdb' PDB를 'fltk.lib(Fl_XPM_Image.obj)' 또는 'F:\HKUST\4\Spring\COMP4411\Projects\project3\RaySkelS20\Release\vc140.pdb'에서 찾을 수 없습니다. 디버그 정보가 없는 것처럼 개체를 링크합니다.
fltk.lib(flstring.obj) : warning LNK4099: 'vc140.pdb' PDB를 'fltk.lib(flstring.obj)' 또는 'F:\HKUST\4\Spring\COMP4411\Projects\project3\RaySkelS20\Release\vc140.pdb'에서 찾을 수 없습니다. 디버그 정보가 없는 것처럼 개체를 링크합니다.
fltk.lib(is_spacing.obj) : warning LNK4099: 'vc140.pdb' PDB를 'fltk.lib(is_spacing.obj)' 또는 'F:\HKUST\4\Spring\COMP4411\Projects\project3\RaySkelS20\Release\vc140.pdb'에서 찾을 수 없습니다. 디버그 정보가 없는 것처럼 개체를 링크합니다.
fltk.lib(numericsort.obj) : warning LNK4099: 'vc140.pdb' PDB를 'fltk.lib(numericsort.obj)' 또는 'F:\HKUST\4\Spring\COMP4411\Projects\project3\RaySkelS20\Release\vc140.pdb'에서 찾을 수 없습니다. 디버그 정보가 없는 것처럼 개체를 링크합니다.
fltk.lib(scandir.obj) : warning LNK4099: 'vc140.pdb' PDB를 'fltk.lib(scandir.obj)' 또는 'F:\HKUST\4\Spring\COMP4411\Projects\project3\RaySkelS20\Release\vc140.pdb'에서 찾을 수 없습니다. 디버그 정보가 없는 것처럼 개체를 링크합니다.
fltk.lib(screen_xywh.obj) : warning LNK4099: 'vc140.pdb' PDB를 'fltk.lib(screen_xywh.obj)' 또는 'F:\HKUST\4\Spring\COMP4411\Projects\project3\RaySkelS20\Release\vc140.pdb'에서 찾을 수 없습니다. 디버그 정보가 없는 것처럼 개체를 링크합니다.
fltk.lib(vsnprintf.obj) : warning LNK4099: 'vc140.pdb' PDB를 'fltk.lib(vsnprintf.obj)' 또는 'F:\HKUST\4\Spring\COMP4411\Projects\project3\RaySkelS20\Release\vc140.pdb'에서 찾을 수 없습니다. 디버그 정보가 없는 것처럼 개체를 링크합니다.
fltkgl.lib(Fl_Gl_Choice.obj) : warning LNK4099: '' PDB를 'fltkgl.lib(Fl_Gl_Choice.obj)' 또는 ''에서 찾을 수 없습니다. 디버그 정보가 없는 것처럼 개체를 링크합니다.
fltkgl.lib(Fl_Gl_Device_Plugin.obj) : warning LNK4099: 'vc140.pdb' PDB를 'fltkgl.lib(Fl_Gl_Device_Plugin.obj)' 또는 'F:\HKUST\4\Spring\COMP4411\Projects\project3\RaySkelS20\Release\vc140.pdb'에서 찾을 수 없습니다. 디버그 정보가 없는 것처럼 개체를 링크합니다.
fltkgl.lib(Fl_Gl_Window.obj) : warning LNK4099: 'vc140.pdb' PDB를 'fltkgl.lib(Fl_Gl_Window.obj)' 또는 'F:\HKUST\4\Spring\COMP4411\Projects\project3\RaySkelS20\Release\vc140.pdb'에서 찾을 수 없습니다. 디버그 정보가 없는 것처럼 개체를 링크합니다.
fltkgl.lib(gl_draw.obj) : warning LNK4099: 'vc140.pdb' PDB를 'fltkgl.lib(gl_draw.obj)' 또는 'F:\HKUST\4\Spring\COMP4411\Projects\project3\RaySkelS20\Release\vc140.pdb'에서 찾을 수 없습니다. 디버그 정보가 없는 것처럼 개체를 링크합니다.
  ray.vcxproj -> F:\HKUST\4\Spring\COMP4411\Projects\project3\RaySkelS20\Release\ray.exe
